#
# There is insufficient memory for the Java Runtime Environment to continue.
# Native memory allocation (malloc) failed to allocate 32744 bytes for ChunkPool::allocate
# Possible reasons:
#   The system is out of physical RAM or swap space
#   In 32 bit mode, the process size limit was hit
# Possible solutions:
#   Reduce memory load on the system
#   Increase physical memory or swap space
#   Check if swap backing store is full
#   Use 64 bit Java on a 64 bit OS
#   Decrease Java heap size (-Xmx/-Xms)
#   Decrease number of Java threads
#   Decrease Java thread stack sizes (-Xss)
#   Set larger code cache with -XX:ReservedCodeCacheSize=
# This output file may be truncated or incomplete.
#
#  Out of Memory Error (allocation.cpp:273), pid=10840, tid=0x000000000000269c
#
# JRE version: Java(TM) SE Runtime Environment (8.0_181-b13) (build 1.8.0_181-b13)
# Java VM: Java HotSpot(TM) 64-Bit Server VM (25.181-b13 mixed mode windows-amd64 compressed oops)
# Failed to write core dump. Minidumps are not enabled by default on client versions of Windows
#

---------------  T H R E A D  ---------------

Current thread (0x000000001834b800):  JavaThread "restartedMain" [_thread_in_vm, id=9884, stack(0x00000000191b0000,0x00000000192b0000)]

Stack: [0x00000000191b0000,0x00000000192b0000]
[error occurred during error reporting (printing stack bounds), id 0xc0000005]

Native frames: (J=compiled Java code, j=interpreted, Vv=VM code, C=native code)

Java frames: (J=compiled Java code, j=interpreted, Vv=VM code)
J 2682  java.lang.Class.getDeclaredFields0(Z)[Ljava/lang/reflect/Field; (0 bytes) @ 0x0000000003e12ebb [0x0000000003e12e80+0x3b]
J 3105 C1 java.lang.Class.privateGetDeclaredFields(Z)[Ljava/lang/reflect/Field; (67 bytes) @ 0x0000000003ece104 [0x0000000003ece000+0x104]
J 2830 C1 org.springframework.util.ReflectionUtils.getDeclaredFields(Ljava/lang/Class;)[Ljava/lang/reflect/Field; (104 bytes) @ 0x0000000003e4e17c [0x0000000003e4dfc0+0x1bc]
J 3307 C1 org.springframework.util.ReflectionUtils.doWithLocalFields(Ljava/lang/Class;Lorg/springframework/util/ReflectionUtils$FieldCallback;)V (84 bytes) @ 0x0000000003f21d5c [0x0000000003f21d40+0x1c]
j  org.springframework.context.annotation.CommonAnnotationBeanPostProcessor.buildResourceMetadata(Ljava/lang/Class;)Lorg/springframework/beans/factory/annotation/InjectionMetadata;+28
j  org.springframework.context.annotation.CommonAnnotationBeanPostProcessor.findResourceMetadata(Ljava/lang/String;Ljava/lang/Class;Lorg/springframework/beans/PropertyValues;)Lorg/springframework/beans/factory/annotation/InjectionMetadata;+88
j  org.springframework.context.annotation.CommonAnnotationBeanPostProcessor.postProcessMergedBeanDefinition(Lorg/springframework/beans/factory/support/RootBeanDefinition;Ljava/lang/Class;Ljava/lang/String;)V+11
j  org.springframework.beans.factory.support.AbstractAutowireCapableBeanFactory.applyMergedBeanDefinitionPostProcessors(Lorg/springframework/beans/factory/support/RootBeanDefinition;Ljava/lang/Class;Ljava/lang/String;)V+53
j  org.springframework.beans.factory.support.AbstractAutowireCapableBeanFactory.doCreateBean(Ljava/lang/String;Lorg/springframework/beans/factory/support/RootBeanDefinition;[Ljava/lang/Object;)Ljava/lang/Object;+90
j  org.springframework.beans.factory.support.AbstractAutowireCapableBeanFactory.createBean(Ljava/lang/String;Lorg/springframework/beans/factory/support/RootBeanDefinition;[Ljava/lang/Object;)Ljava/lang/Object;+169
j  org.springframework.beans.factory.support.AbstractBeanFactory.lambda$doGetBean$0(Ljava/lang/String;Lorg/springframework/beans/factory/support/RootBeanDefinition;[Ljava/lang/Object;)Ljava/lang/Object;+4
j  org.springframework.beans.factory.support.AbstractBeanFactory$$Lambda$114.getObject()Ljava/lang/Object;+16
j  org.springframework.beans.factory.support.DefaultSingletonBeanRegistry.getSingleton(Ljava/lang/String;Lorg/springframework/beans/factory/ObjectFactory;)Ljava/lang/Object;+132
J 2224 C1 org.springframework.beans.factory.support.AbstractBeanFactory.doGetBean(Ljava/lang/String;Ljava/lang/Class;[Ljava/lang/Object;Z)Ljava/lang/Object; (833 bytes) @ 0x0000000003d329cc [0x0000000003d32400+0x5cc]
j  org.springframework.beans.factory.support.AbstractBeanFactory.getBean(Ljava/lang/String;)Ljava/lang/Object;+5
j  org.springframework.beans.factory.config.DependencyDescriptor.resolveCandidate(Ljava/lang/String;Ljava/lang/Class;Lorg/springframework/beans/factory/BeanFactory;)Ljava/lang/Object;+2
j  org.springframework.beans.factory.support.DefaultListableBeanFactory.doResolveDependency(Lorg/springframework/beans/factory/config/DependencyDescriptor;Ljava/lang/String;Ljava/util/Set;Lorg/springframework/beans/TypeConverter;)Ljava/lang/Object;+412
j  org.springframework.beans.factory.support.DefaultListableBeanFactory.resolveDependency(Lorg/springframework/beans/factory/config/DependencyDescriptor;Ljava/lang/String;Ljava/util/Set;Lorg/springframework/beans/TypeConverter;)Ljava/lang/Object;+108
j  org.springframework.beans.factory.support.ConstructorResolver.resolveAutowiredArgument(Lorg/springframework/core/MethodParameter;Ljava/lang/String;Ljava/util/Set;Lorg/springframework/beans/TypeConverter;Z)Ljava/lang/Object;+79
j  org.springframework.beans.factory.support.ConstructorResolver.createArgumentArray(Ljava/lang/String;Lorg/springframework/beans/factory/support/RootBeanDefinition;Lorg/springframework/beans/factory/config/ConstructorArgumentValues;Lorg/springframework/beans/BeanWrapper;[Ljava/lang/Class;[Ljava/lang/String;Ljava/lang/reflect/Executable;ZZ)Lorg/springframework/beans/factory/support/ConstructorResolver$ArgumentsHolder;+434
j  org.springframework.beans.factory.support.ConstructorResolver.instantiateUsingFactoryMethod(Ljava/lang/String;Lorg/springframework/beans/factory/support/RootBeanDefinition;[Ljava/lang/Object;)Lorg/springframework/beans/BeanWrapper;+674
j  org.springframework.beans.factory.support.AbstractAutowireCapableBeanFactory.instantiateUsingFactoryMethod(Ljava/lang/String;Lorg/springframework/beans/factory/support/RootBeanDefinition;[Ljava/lang/Object;)Lorg/springframework/beans/BeanWrapper;+11
j  org.springframework.beans.factory.support.AbstractAutowireCapableBeanFactory.createBeanInstance(Ljava/lang/String;Lorg/springframework/beans/factory/support/RootBeanDefinition;[Ljava/lang/Object;)Lorg/springframework/beans/BeanWrapper;+101
j  org.springframework.beans.factory.support.AbstractAutowireCapableBeanFactory.doCreateBean(Ljava/lang/String;Lorg/springframework/beans/factory/support/RootBeanDefinition;[Ljava/lang/Object;)Ljava/lang/Object;+34
j  org.springframework.beans.factory.support.AbstractAutowireCapableBeanFactory.createBean(Ljava/lang/String;Lorg/springframework/beans/factory/support/RootBeanDefinition;[Ljava/lang/Object;)Ljava/lang/Object;+169
j  org.springframework.beans.factory.support.AbstractBeanFactory.lambda$doGetBean$0(Ljava/lang/String;Lorg/springframework/beans/factory/support/RootBeanDefinition;[Ljava/lang/Object;)Ljava/lang/Object;+4
j  org.springframework.beans.factory.support.AbstractBeanFactory$$Lambda$114.getObject()Ljava/lang/Object;+16
j  org.springframework.beans.factory.support.DefaultSingletonBeanRegistry.getSingleton(Ljava/lang/String;Lorg/springframework/beans/factory/ObjectFactory;)Ljava/lang/Object;+132
J 2224 C1 org.springframework.beans.factory.support.AbstractBeanFactory.doGetBean(Ljava/lang/String;Ljava/lang/Class;[Ljava/lang/Object;Z)Ljava/lang/Object; (833 bytes) @ 0x0000000003d329cc [0x0000000003d32400+0x5cc]
j  org.springframework.beans.factory.support.AbstractBeanFactory.getBean(Ljava/lang/String;)Ljava/lang/Object;+5
j  org.springframework.beans.factory.config.DependencyDescriptor.resolveCandidate(Ljava/lang/String;Ljava/lang/Class;Lorg/springframework/beans/factory/BeanFactory;)Ljava/lang/Object;+2
j  org.springframework.beans.factory.support.DefaultListableBeanFactory.doResolveDependency(Lorg/springframework/beans/factory/config/DependencyDescriptor;Ljava/lang/String;Ljava/util/Set;Lorg/springframework/beans/TypeConverter;)Ljava/lang/Object;+412
j  org.springframework.beans.factory.support.DefaultListableBeanFactory.resolveDependency(Lorg/springframework/beans/factory/config/DependencyDescriptor;Ljava/lang/String;Ljava/util/Set;Lorg/springframework/beans/TypeConverter;)Ljava/lang/Object;+108
j  org.springframework.beans.factory.support.ConstructorResolver.resolveAutowiredArgument(Lorg/springframework/core/MethodParameter;Ljava/lang/String;Ljava/util/Set;Lorg/springframework/beans/TypeConverter;Z)Ljava/lang/Object;+79
j  org.springframework.beans.factory.support.ConstructorResolver.createArgumentArray(Ljava/lang/String;Lorg/springframework/beans/factory/support/RootBeanDefinition;Lorg/springframework/beans/factory/config/ConstructorArgumentValues;Lorg/springframework/beans/BeanWrapper;[Ljava/lang/Class;[Ljava/lang/String;Ljava/lang/reflect/Executable;ZZ)Lorg/springframework/beans/factory/support/ConstructorResolver$ArgumentsHolder;+434
j  org.springframework.beans.factory.support.ConstructorResolver.instantiateUsingFactoryMethod(Ljava/lang/String;Lorg/springframework/beans/factory/support/RootBeanDefinition;[Ljava/lang/Object;)Lorg/springframework/beans/BeanWrapper;+674
j  org.springframework.beans.factory.support.AbstractAutowireCapableBeanFactory.instantiateUsingFactoryMethod(Ljava/lang/String;Lorg/springframework/beans/factory/support/RootBeanDefinition;[Ljava/lang/Object;)Lorg/springframework/beans/BeanWrapper;+11
j  org.springframework.beans.factory.support.AbstractAutowireCapableBeanFactory.createBeanInstance(Ljava/lang/String;Lorg/springframework/beans/factory/support/RootBeanDefinition;[Ljava/lang/Object;)Lorg/springframework/beans/BeanWrapper;+101
j  org.springframework.beans.factory.support.AbstractAutowireCapableBeanFactory.doCreateBean(Ljava/lang/String;Lorg/springframework/beans/factory/support/RootBeanDefinition;[Ljava/lang/Object;)Ljava/lang/Object;+34
j  org.springframework.beans.factory.support.AbstractAutowireCapableBeanFactory.createBean(Ljava/lang/String;Lorg/springframework/beans/factory/support/RootBeanDefinition;[Ljava/lang/Object;)Ljava/lang/Object;+169
j  org.springframework.beans.factory.support.AbstractBeanFactory.lambda$doGetBean$0(Ljava/lang/String;Lorg/springframework/beans/factory/support/RootBeanDefinition;[Ljava/lang/Object;)Ljava/lang/Object;+4
j  org.springframework.beans.factory.support.AbstractBeanFactory$$Lambda$114.getObject()Ljava/lang/Object;+16
j  org.springframework.beans.factory.support.DefaultSingletonBeanRegistry.getSingleton(Ljava/lang/String;Lorg/springframework/beans/factory/ObjectFactory;)Ljava/lang/Object;+132
J 2224 C1 org.springframework.beans.factory.support.AbstractBeanFactory.doGetBean(Ljava/lang/String;Ljava/lang/Class;[Ljava/lang/Object;Z)Ljava/lang/Object; (833 bytes) @ 0x0000000003d329cc [0x0000000003d32400+0x5cc]
j  org.springframework.beans.factory.support.AbstractBeanFactory.getBean(Ljava/lang/String;)Ljava/lang/Object;+5
j  org.springframework.beans.factory.config.DependencyDescriptor.resolveCandidate(Ljava/lang/String;Ljava/lang/Class;Lorg/springframework/beans/factory/BeanFactory;)Ljava/lang/Object;+2
j  org.springframework.beans.factory.support.DefaultListableBeanFactory.addCandidateEntry(Ljava/util/Map;Ljava/lang/String;Lorg/springframework/beans/factory/config/DependencyDescriptor;Ljava/lang/Class;)V+68
j  org.springframework.beans.factory.support.DefaultListableBeanFactory.findAutowireCandidates(Ljava/lang/String;Ljava/lang/Class;Lorg/springframework/beans/factory/config/DependencyDescriptor;)Ljava/util/Map;+183
j  org.springframework.beans.factory.support.DefaultListableBeanFactory.resolveMultipleBeans(Lorg/springframework/beans/factory/config/DependencyDescriptor;Ljava/lang/String;Ljava/util/Set;Lorg/springframework/beans/TypeConverter;)Ljava/lang/Object;+18
j  org.springframework.beans.factory.support.DefaultListableBeanFactory.doResolveDependency(Lorg/springframework/beans/factory/config/DependencyDescriptor;Ljava/lang/String;Ljava/util/Set;Lorg/springframework/beans/TypeConverter;)Ljava/lang/Object;+179
j  org.springframework.beans.factory.support.DefaultListableBeanFactory$DependencyObjectProvider.resolveStream(Z)Ljava/util/stream/Stream;+24
j  org.springframework.beans.factory.support.DefaultListableBeanFactory$DependencyObjectProvider.orderedStream()Ljava/util/stream/Stream;+2
j  org.springframework.boot.autoconfigure.http.HttpMessageConvertersAutoConfiguration.<init>(Lorg/springframework/beans/factory/ObjectProvider;)V+6
j  org.springframework.boot.autoconfigure.http.HttpMessageConvertersAutoConfiguration$$EnhancerBySpringCGLIB$$7ef683a2.<init>(Lorg/springframework/beans/factory/ObjectProvider;)V+3
v  ~StubRoutines::call_stub
J 1148  sun.reflect.NativeConstructorAccessorImpl.newInstance0(Ljava/lang/reflect/Constructor;[Ljava/lang/Object;)Ljava/lang/Object; (0 bytes) @ 0x0000000003b1df66 [0x0000000003b1df00+0x66]
J 1147 C1 sun.reflect.NativeConstructorAccessorImpl.newInstance([Ljava/lang/Object;)Ljava/lang/Object; (89 bytes) @ 0x0000000003b1e66c [0x0000000003b1e320+0x34c]
J 1017 C1 sun.reflect.DelegatingConstructorAccessorImpl.newInstance([Ljava/lang/Object;)Ljava/lang/Object; (9 bytes) @ 0x0000000003af80a4 [0x0000000003af8060+0x44]
J 977 C1 java.lang.reflect.Constructor.newInstance([Ljava/lang/Object;)Ljava/lang/Object; (87 bytes) @ 0x0000000003aeb91c [0x0000000003aeb800+0x11c]
J 2027 C1 org.springframework.beans.BeanUtils.instantiateClass(Ljava/lang/reflect/Constructor;[Ljava/lang/Object;)Ljava/lang/Object; (95 bytes) @ 0x0000000003cd590c [0x0000000003cd58c0+0x4c]
j  org.springframework.beans.factory.support.SimpleInstantiationStrategy.instantiate(Lorg/springframework/beans/factory/support/RootBeanDefinition;Ljava/lang/String;Lorg/springframework/beans/factory/BeanFactory;Ljava/lang/reflect/Constructor;[Ljava/lang/Object;)Ljava/lang/Object;+28
j  org.springframework.beans.factory.support.ConstructorResolver.instantiate(Ljava/lang/String;Lorg/springframework/beans/factory/support/RootBeanDefinition;Ljava/lang/reflect/Constructor;[Ljava/lang/Object;)Ljava/lang/Object;+50
j  org.springframework.beans.factory.support.ConstructorResolver.autowireConstructor(Ljava/lang/String;Lorg/springframework/beans/factory/support/RootBeanDefinition;[Ljava/lang/reflect/Constructor;[Ljava/lang/Object;)Lorg/springframework/beans/BeanWrapper;+945
j  org.springframework.beans.factory.support.AbstractAutowireCapableBeanFactory.autowireConstructor(Ljava/lang/String;Lorg/springframework/beans/factory/support/RootBeanDefinition;[Ljava/lang/reflect/Constructor;[Ljava/lang/Object;)Lorg/springframework/beans/BeanWrapper;+13
j  org.springframework.beans.factory.support.AbstractAutowireCapableBeanFactory.createBeanInstance(Ljava/lang/String;Lorg/springframework/beans/factory/support/RootBeanDefinition;[Ljava/lang/Object;)Lorg/springframework/beans/BeanWrapper;+221
j  org.springframework.beans.factory.support.AbstractAutowireCapableBeanFactory.doCreateBean(Ljava/lang/String;Lorg/springframework/beans/factory/support/RootBeanDefinition;[Ljava/lang/Object;)Ljava/lang/Object;+34
j  org.springframework.beans.factory.support.AbstractAutowireCapableBeanFactory.createBean(Ljava/lang/String;Lorg/springframework/beans/factory/support/RootBeanDefinition;[Ljava/lang/Object;)Ljava/lang/Object;+169
j  org.springframework.beans.factory.support.AbstractBeanFactory.lambda$doGetBean$0(Ljava/lang/String;Lorg/springframework/beans/factory/support/RootBeanDefinition;[Ljava/lang/Object;)Ljava/lang/Object;+4
j  org.springframework.beans.factory.support.AbstractBeanFactory$$Lambda$114.getObject()Ljava/lang/Object;+16
j  org.springframework.beans.factory.support.DefaultSingletonBeanRegistry.getSingleton(Ljava/lang/String;Lorg/springframework/beans/factory/ObjectFactory;)Ljava/lang/Object;+132
J 2224 C1 org.springframework.beans.factory.support.AbstractBeanFactory.doGetBean(Ljava/lang/String;Ljava/lang/Class;[Ljava/lang/Object;Z)Ljava/lang/Object; (833 bytes) @ 0x0000000003d329cc [0x0000000003d32400+0x5cc]
j  org.springframework.beans.factory.support.AbstractBeanFactory.getBean(Ljava/lang/String;)Ljava/lang/Object;+5
j  org.springframework.beans.factory.support.ConstructorResolver.instantiateUsingFactoryMethod(Ljava/lang/String;Lorg/springframework/beans/factory/support/RootBeanDefinition;[Ljava/lang/Object;)Lorg/springframework/beans/BeanWrapper;+59
j  org.springframework.beans.factory.support.AbstractAutowireCapableBeanFactory.instantiateUsingFactoryMethod(Ljava/lang/String;Lorg/springframework/beans/factory/support/RootBeanDefinition;[Ljava/lang/Object;)Lorg/springframework/beans/BeanWrapper;+11
j  org.springframework.beans.factory.support.AbstractAutowireCapableBeanFactory.createBeanInstance(Ljava/lang/String;Lorg/springframework/beans/factory/support/RootBeanDefinition;[Ljava/lang/Object;)Lorg/springframework/beans/BeanWrapper;+101
j  org.springframework.beans.factory.support.AbstractAutowireCapableBeanFactory.doCreateBean(Ljava/lang/String;Lorg/springframework/beans/factory/support/RootBeanDefinition;[Ljava/lang/Object;)Ljava/lang/Object;+34
j  org.springframework.beans.factory.support.AbstractAutowireCapableBeanFactory.createBean(Ljava/lang/String;Lorg/springframework/beans/factory/support/RootBeanDefinition;[Ljava/lang/Object;)Ljava/lang/Object;+169
j  org.springframework.beans.factory.support.AbstractBeanFactory.lambda$doGetBean$0(Ljava/lang/String;Lorg/springframework/beans/factory/support/RootBeanDefinition;[Ljava/lang/Object;)Ljava/lang/Object;+4
j  org.springframework.beans.factory.support.AbstractBeanFactory$$Lambda$114.getObject()Ljava/lang/Object;+16
j  org.springframework.beans.factory.support.DefaultSingletonBeanRegistry.getSingleton(Ljava/lang/String;Lorg/springframework/beans/factory/ObjectFactory;)Ljava/lang/Object;+132
J 2224 C1 org.springframework.beans.factory.support.AbstractBeanFactory.doGetBean(Ljava/lang/String;Ljava/lang/Class;[Ljava/lang/Object;Z)Ljava/lang/Object; (833 bytes) @ 0x0000000003d329cc [0x0000000003d32400+0x5cc]
j  org.springframework.beans.factory.support.AbstractBeanFactory.getBean(Ljava/lang/String;)Ljava/lang/Object;+5
j  org.springframework.beans.factory.config.DependencyDescriptor.resolveCandidate(Ljava/lang/String;Ljava/lang/Class;Lorg/springframework/beans/factory/BeanFactory;)Ljava/lang/Object;+2
j  org.springframework.beans.factory.support.DefaultListableBeanFactory.doResolveDependency(Lorg/springframework/beans/factory/config/DependencyDescriptor;Ljava/lang/String;Ljava/util/Set;Lorg/springframework/beans/TypeConverter;)Ljava/lang/Object;+412
j  org.springframework.beans.factory.support.DefaultListableBeanFactory$DependencyObjectProvider.getIfAvailable()Ljava/lang/Object;+51
j  org.springframework.beans.factory.ObjectProvider.ifAvailable(Ljava/util/function/Consumer;)V+1
j  org.springframework.boot.autoconfigure.web.servlet.WebMvcAutoConfiguration$WebMvcAutoConfigurationAdapter.configureMessageConverters(Ljava/util/List;)V+10
j  org.springframework.web.servlet.config.annotation.WebMvcConfigurerComposite.configureMessageConverters(Ljava/util/List;)V+31
j  org.springframework.web.servlet.config.annotation.DelegatingWebMvcConfiguration.configureMessageConverters(Ljava/util/List;)V+5
j  org.springframework.web.servlet.config.annotation.WebMvcConfigurationSupport.getMessageConverters()Ljava/util/List;+23
j  org.springframework.web.servlet.config.annotation.WebMvcConfigurationSupport.requestMappingHandlerAdapter()Lorg/springframework/web/servlet/mvc/method/annotation/RequestMappingHandlerAdapter;+15
j  org.springframework.boot.autoconfigure.web.servlet.WebMvcAutoConfiguration$EnableWebMvcConfiguration.requestMappingHandlerAdapter()Lorg/springframework/web/servlet/mvc/method/annotation/RequestMappingHandlerAdapter;+1
j  org.springframework.boot.autoconfigure.web.servlet.WebMvcAutoConfiguration$EnableWebMvcConfiguration$$EnhancerBySpringCGLIB$$cfb0088e.CGLIB$requestMappingHandlerAdapter$8()Lorg/springframework/web/servlet/mvc/method/annotation/RequestMappingHandlerAdapter;+1
j  org.springframework.boot.autoconfigure.web.servlet.WebMvcAutoConfiguration$EnableWebMvcConfiguration$$EnhancerBySpringCGLIB$$cfb0088e$$FastClassBySpringCGLIB$$fc94b144.invoke(ILjava/lang/Object;[Ljava/lang/Object;)Ljava/lang/Object;+343
j  org.springframework.cglib.proxy.MethodProxy.invokeSuper(Ljava/lang/Object;[Ljava/lang/Object;)Ljava/lang/Object;+19
j  org.springframework.context.annotation.ConfigurationClassEnhancer$BeanMethodInterceptor.intercept(Ljava/lang/Object;Ljava/lang/reflect/Method;[Ljava/lang/Object;Lorg/springframework/cglib/proxy/MethodProxy;)Ljava/lang/Object;+207
j  org.springframework.boot.autoconfigure.web.servlet.WebMvcAutoConfiguration$EnableWebMvcConfiguration$$EnhancerBySpringCGLIB$$cfb0088e.requestMappingHandlerAdapter()Lorg/springframework/web/servlet/mvc/method/annotation/RequestMappingHandlerAdapter;+31
v  ~StubRoutines::call_stub
J 1657  sun.reflect.NativeMethodAccessorImpl.invoke0(Ljava/lang/reflect/Method;Ljava/lang/Object;[Ljava/lang/Object;)Ljava/lang/Object; (0 bytes) @ 0x0000000003c1b17f [0x0000000003c1b100+0x7f]
J 1576 C1 sun.reflect.NativeMethodAccessorImpl.invoke(Ljava/lang/Object;[Ljava/lang/Object;)Ljava/lang/Object; (104 bytes) @ 0x0000000003bdb25c [0x0000000003bdaee0+0x37c]
J 1577 C1 sun.reflect.DelegatingMethodAccessorImpl.invoke(Ljava/lang/Object;[Ljava/lang/Object;)Ljava/lang/Object; (10 bytes) @ 0x0000000003bdaba4 [0x0000000003bdab60+0x44]
J 1564 C1 java.lang.reflect.Method.invoke(Ljava/lang/Object;[Ljava/lang/Object;)Ljava/lang/Object; (62 bytes) @ 0x0000000003bd5294 [0x0000000003bd51a0+0xf4]
j  org.springframework.beans.factory.support.SimpleInstantiationStrategy.instantiate(Lorg/springframework/beans/factory/support/RootBeanDefinition;Ljava/lang/String;Lorg/springframework/beans/factory/BeanFactory;Ljava/lang/Object;Ljava/lang/reflect/Method;[Ljava/lang/Object;)Ljava/lang/Object;+50
j  org.springframework.beans.factory.support.ConstructorResolver.instantiate(Ljava/lang/String;Lorg/springframework/beans/factory/support/RootBeanDefinition;Ljava/lang/Object;Ljava/lang/reflect/Method;[Ljava/lang/Object;)Ljava/lang/Object;+48
j  org.springframework.beans.factory.support.ConstructorResolver.instantiateUsingFactoryMethod(Ljava/lang/String;Lorg/springframework/beans/factory/support/RootBeanDefinition;[Ljava/lang/Object;)Lorg/springframework/beans/BeanWrapper;+1479
j  org.springframework.beans.factory.support.AbstractAutowireCapableBeanFactory.instantiateUsingFactoryMethod(Ljava/lang/String;Lorg/springframework/beans/factory/support/RootBeanDefinition;[Ljava/lang/Object;)Lorg/springframework/beans/BeanWrapper;+11
j  org.springframework.beans.factory.support.AbstractAutowireCapableBeanFactory.createBeanInstance(Ljava/lang/String;Lorg/springframework/beans/factory/support/RootBeanDefinition;[Ljava/lang/Object;)Lorg/springframework/beans/BeanWrapper;+101
j  org.springframework.beans.factory.support.AbstractAutowireCapableBeanFactory.doCreateBean(Ljava/lang/String;Lorg/springframework/beans/factory/support/RootBeanDefinition;[Ljava/lang/Object;)Ljava/lang/Object;+34
j  org.springframework.beans.factory.support.AbstractAutowireCapableBeanFactory.createBean(Ljava/lang/String;Lorg/springframework/beans/factory/support/RootBeanDefinition;[Ljava/lang/Object;)Ljava/lang/Object;+169
j  org.springframework.beans.factory.support.AbstractBeanFactory.lambda$doGetBean$0(Ljava/lang/String;Lorg/springframework/beans/factory/support/RootBeanDefinition;[Ljava/lang/Object;)Ljava/lang/Object;+4
j  org.springframework.beans.factory.support.AbstractBeanFactory$$Lambda$114.getObject()Ljava/lang/Object;+16
j  org.springframework.beans.factory.support.DefaultSingletonBeanRegistry.getSingleton(Ljava/lang/String;Lorg/springframework/beans/factory/ObjectFactory;)Ljava/lang/Object;+132
J 2224 C1 org.springframework.beans.factory.support.AbstractBeanFactory.doGetBean(Ljava/lang/String;Ljava/lang/Class;[Ljava/lang/Object;Z)Ljava/lang/Object; (833 bytes) @ 0x0000000003d329cc [0x0000000003d32400+0x5cc]
j  org.springframework.beans.factory.support.AbstractBeanFactory.getBean(Ljava/lang/String;)Ljava/lang/Object;+5
j  org.springframework.beans.factory.support.DefaultListableBeanFactory.preInstantiateSingletons()V+248
j  org.springframework.context.support.AbstractApplicationContext.finishBeanFactoryInitialization(Lorg/springframework/beans/factory/config/ConfigurableListableBeanFactory;)V+124
j  org.springframework.context.support.AbstractApplicationContext.refresh()V+54
j  org.springframework.boot.web.servlet.context.ServletWebServerApplicationContext.refresh()V+1
j  org.springframework.boot.SpringApplication.refresh(Lorg/springframework/context/ApplicationContext;)V+10
j  org.springframework.boot.SpringApplication.refreshContext(Lorg/springframework/context/ConfigurableApplicationContext;)V+2
j  org.springframework.boot.SpringApplication.run([Ljava/lang/String;)Lorg/springframework/context/ConfigurableApplicationContext;+118
j  org.springframework.boot.SpringApplication.run([Ljava/lang/Class;[Ljava/lang/String;)Lorg/springframework/context/ConfigurableApplicationContext;+9
j  org.springframework.boot.SpringApplication.run(Ljava/lang/Class;[Ljava/lang/String;)Lorg/springframework/context/ConfigurableApplicationContext;+9
j  com.yun.answer_frame.AnswerFrameApplication.main([Ljava/lang/String;)V+3
v  ~StubRoutines::call_stub
j  sun.reflect.NativeMethodAccessorImpl.invoke0(Ljava/lang/reflect/Method;Ljava/lang/Object;[Ljava/lang/Object;)Ljava/lang/Object;+0
j  sun.reflect.NativeMethodAccessorImpl.invoke(Ljava/lang/Object;[Ljava/lang/Object;)Ljava/lang/Object;+100
j  sun.reflect.DelegatingMethodAccessorImpl.invoke(Ljava/lang/Object;[Ljava/lang/Object;)Ljava/lang/Object;+6
j  java.lang.reflect.Method.invoke(Ljava/lang/Object;[Ljava/lang/Object;)Ljava/lang/Object;+56
j  org.springframework.boot.devtools.restart.RestartLauncher.run()V+41
v  ~StubRoutines::call_stub

---------------  P R O C E S S  ---------------

Java Threads: ( => current thread )
  0x000000001a68f800 JavaThread "container-0" [_thread_blocked, id=14444, stack(0x000000001b880000,0x000000001b980000)]
  0x000000001a692800 JavaThread "ContainerBackgroundProcessor[StandardEngine[Tomcat]]" daemon [_thread_blocked, id=14072, stack(0x000000001b780000,0x000000001b880000)]
=>0x000000001834b800 JavaThread "restartedMain" [_thread_in_vm, id=9884, stack(0x00000000191b0000,0x00000000192b0000)]
  0x0000000018348800 JavaThread "Thread-2" [_thread_blocked, id=14804, stack(0x00000000190b0000,0x00000000191b0000)]
  0x0000000017f9b800 JavaThread "RMI Scheduler(0)" daemon [_thread_blocked, id=6396, stack(0x0000000018eb0000,0x0000000018fb0000)]
  0x0000000017f62000 JavaThread "RMI TCP Connection(2)-127.0.0.1" daemon [_thread_in_native, id=14560, stack(0x0000000018db0000,0x0000000018eb0000)]
  0x0000000017eed800 JavaThread "RMI TCP Connection(1)-127.0.0.1" daemon [_thread_in_native, id=15388, stack(0x0000000018a00000,0x0000000018b00000)]
  0x0000000017e61000 JavaThread "RMI TCP Accept-0" daemon [_thread_in_native, id=11484, stack(0x0000000018800000,0x0000000018900000)]
  0x0000000017e4e000 JavaThread "RMI TCP Accept-54625" daemon [_thread_in_native, id=14760, stack(0x0000000018700000,0x0000000018800000)]
  0x0000000017e4a000 JavaThread "RMI TCP Accept-0" daemon [_thread_in_native, id=14932, stack(0x0000000018600000,0x0000000018700000)]
  0x00000000174f1000 JavaThread "Service Thread" daemon [_thread_blocked, id=15608, stack(0x0000000017b80000,0x0000000017c80000)]
  0x00000000174de000 JavaThread "C1 CompilerThread2" daemon [_thread_blocked, id=14884, stack(0x0000000017a80000,0x0000000017b80000)]
  0x00000000174d7000 JavaThread "C2 CompilerThread1" daemon [_thread_blocked, id=15692, stack(0x0000000017980000,0x0000000017a80000)]
  0x0000000017472800 JavaThread "C2 CompilerThread0" daemon [_thread_blocked, id=15508, stack(0x0000000017880000,0x0000000017980000)]
  0x0000000017424800 JavaThread "Monitor Ctrl-Break" daemon [_thread_in_native, id=16240, stack(0x0000000017780000,0x0000000017880000)]
  0x0000000015e43800 JavaThread "Attach Listener" daemon [_thread_blocked, id=8952, stack(0x0000000017680000,0x0000000017780000)]
  0x0000000015e57800 JavaThread "Signal Dispatcher" daemon [_thread_blocked, id=11696, stack(0x0000000017580000,0x0000000017680000)]
  0x000000000385e000 JavaThread "Finalizer" daemon [_thread_blocked, id=15416, stack(0x0000000017080000,0x0000000017180000)]
  0x0000000003854800 JavaThread "Reference Handler" daemon [_thread_blocked, id=172, stack(0x0000000016f80000,0x0000000017080000)]
  0x0000000003767000 JavaThread "main" [_thread_blocked, id=16228, stack(0x0000000003500000,0x0000000003600000)]

Other Threads:
  0x0000000015df6800 VMThread [stack: 0x0000000016e80000,0x0000000016f80000] [id=15808]
  0x0000000017e62800 WatcherThread [stack: 0x0000000018900000,0x0000000018a00000] [id=14628]

VM state:not at safepoint (normal execution)

VM Mutex/Monitor currently owned by a thread: None

Heap:
 PSYoungGen      total 179712K, used 18481K [0x00000000eb400000, 0x00000000f9e00000, 0x0000000100000000)
  eden space 167424K, 11% used [0x00000000eb400000,0x00000000ec60c580,0x00000000f5780000)
  from space 12288K, 0% used [0x00000000f6500000,0x00000000f6500000,0x00000000f7100000)
  to   space 13824K, 0% used [0x00000000f5780000,0x00000000f5780000,0x00000000f6500000)
 ParOldGen       total 36864K, used 18668K [0x00000000c1c00000, 0x00000000c4000000, 0x00000000eb400000)
  object space 36864K, 50% used [0x00000000c1c00000,0x00000000c2e3b390,0x00000000c4000000)
 Metaspace       used 34372K, capacity 35865K, committed 35968K, reserved 1081344K
  class space    used 4621K, capacity 4945K, committed 4992K, reserved 1048576K

Card table byte_map: [0x0000000012c20000,0x0000000012e20000] byte_map_base: 0x0000000012612000

Marking Bits: (ParMarkBitMap*) 0x000000006d722d00
 Begin Bits: [0x0000000013370000, 0x0000000014300000)
 End Bits:   [0x0000000014300000, 0x0000000015290000)

Polling page: 0x0000000000ff0000

CodeCache: size=245760Kb used=7075Kb max_used=7075Kb free=238684Kb
 bounds [0x0000000003860000, 0x0000000003f50000, 0x0000000012860000]
 total_blobs=3840 nmethods=3386 adapters=365
 compilation: enabled

Compilation events (10 events):
Event: 6.433 Thread 0x00000000174de000 nmethod 3378 0x0000000003f42310 code [0x0000000003f42460, 0x0000000003f42568]
Event: 6.435 Thread 0x00000000174de000 3379   !   1       com.sun.proxy.$Proxy34::annotationType (29 bytes)
Event: 6.435 Thread 0x00000000174de000 nmethod 3379 0x0000000003f425d0 code [0x0000000003f42740, 0x0000000003f42958]
Event: 6.435 Thread 0x00000000174de000 3380   !   1       com.sun.proxy.$Proxy11::hashCode (32 bytes)
Event: 6.436 Thread 0x00000000174de000 nmethod 3380 0x0000000003f42a90 code [0x0000000003f42c00, 0x0000000003f42e38]
Event: 6.436 Thread 0x00000000174de000 3381   !   1       com.sun.proxy.$Proxy20::hashCode (32 bytes)
Event: 6.436 Thread 0x00000000174de000 nmethod 3381 0x0000000003f42fd0 code [0x0000000003f43140, 0x0000000003f43378]
Event: 6.439 Thread 0x00000000174de000 3382       1       sun.misc.ProxyGenerator::computeUniqueCatchList (163 bytes)
Event: 6.440 Thread 0x00000000174de000 nmethod 3382 0x0000000003f43510 code [0x0000000003f43740, 0x0000000003f43f48]
Event: 6.440 Thread 0x00000000174de000 3384       1       sun.misc.ProxyGenerator$ProxyMethod::codeFieldInitialization (241 bytes)

GC Heap History (10 events):
Event: 2.686 GC heap before
{Heap before GC invocations=6 (full 1):
 PSYoungGen      total 68096K, used 2536K [0x00000000eb400000, 0x00000000f4300000, 0x0000000100000000)
  eden space 65536K, 0% used [0x00000000eb400000,0x00000000eb400000,0x00000000ef400000)
  from space 2560K, 99% used [0x00000000ef400000,0x00000000ef67a020,0x00000000ef680000)
  to   space 7680K, 0% used [0x00000000f3b80000,0x00000000f3b80000,0x00000000f4300000)
 ParOldGen       total 44032K, used 12245K [0x00000000c1c00000, 0x00000000c4700000, 0x00000000eb400000)
  object space 44032K, 27% used [0x00000000c1c00000,0x00000000c27f56c8,0x00000000c4700000)
 Metaspace       used 20575K, capacity 21216K, committed 21296K, reserved 1067008K
  class space    used 2754K, capacity 2921K, committed 2944K, reserved 1048576K
Event: 2.731 GC heap after
Heap after GC invocations=6 (full 1):
 PSYoungGen      total 68096K, used 0K [0x00000000eb400000, 0x00000000f4300000, 0x0000000100000000)
  eden space 65536K, 0% used [0x00000000eb400000,0x00000000eb400000,0x00000000ef400000)
  from space 2560K, 0% used [0x00000000ef400000,0x00000000ef400000,0x00000000ef680000)
  to   space 7680K, 0% used [0x00000000f3b80000,0x00000000f3b80000,0x00000000f4300000)
 ParOldGen       total 36864K, used 9829K [0x00000000c1c00000, 0x00000000c4000000, 0x00000000eb400000)
  object space 36864K, 26% used [0x00000000c1c00000,0x00000000c2599428,0x00000000c4000000)
 Metaspace       used 20573K, capacity 21210K, committed 21296K, reserved 1067008K
  class space    used 2753K, capacity 2920K, committed 2944K, reserved 1048576K
}
Event: 3.670 GC heap before
{Heap before GC invocations=7 (full 1):
 PSYoungGen      total 68096K, used 65536K [0x00000000eb400000, 0x00000000f4300000, 0x0000000100000000)
  eden space 65536K, 100% used [0x00000000eb400000,0x00000000ef400000,0x00000000ef400000)
  from space 2560K, 0% used [0x00000000ef400000,0x00000000ef400000,0x00000000ef680000)
  to   space 7680K, 0% used [0x00000000f3b80000,0x00000000f3b80000,0x00000000f4300000)
 ParOldGen       total 36864K, used 9829K [0x00000000c1c00000, 0x00000000c4000000, 0x00000000eb400000)
  object space 36864K, 26% used [0x00000000c1c00000,0x00000000c2599428,0x00000000c4000000)
 Metaspace       used 23117K, capacity 23964K, committed 24192K, reserved 1071104K
  class space    used 3110K, capacity 3330K, committed 3456K, reserved 1048576K
Event: 3.678 GC heap after
Heap after GC invocations=7 (full 1):
 PSYoungGen      total 111616K, used 5364K [0x00000000eb400000, 0x00000000f4100000, 0x0000000100000000)
  eden space 105984K, 0% used [0x00000000eb400000,0x00000000eb400000,0x00000000f1b80000)
  from space 5632K, 95% used [0x00000000f3b80000,0x00000000f40bd010,0x00000000f4100000)
  to   space 7680K, 0% used [0x00000000f3200000,0x00000000f3200000,0x00000000f3980000)
 ParOldGen       total 36864K, used 9901K [0x00000000c1c00000, 0x00000000c4000000, 0x00000000eb400000)
  object space 36864K, 26% used [0x00000000c1c00000,0x00000000c25ab438,0x00000000c4000000)
 Metaspace       used 23117K, capacity 23964K, committed 24192K, reserved 1071104K
  class space    used 3110K, capacity 3330K, committed 3456K, reserved 1048576K
}
Event: 5.416 GC heap before
{Heap before GC invocations=8 (full 1):
 PSYoungGen      total 111616K, used 111348K [0x00000000eb400000, 0x00000000f4100000, 0x0000000100000000)
  eden space 105984K, 100% used [0x00000000eb400000,0x00000000f1b80000,0x00000000f1b80000)
  from space 5632K, 95% used [0x00000000f3b80000,0x00000000f40bd010,0x00000000f4100000)
  to   space 7680K, 0% used [0x00000000f3200000,0x00000000f3200000,0x00000000f3980000)
 ParOldGen       total 36864K, used 9901K [0x00000000c1c00000, 0x00000000c4000000, 0x00000000eb400000)
  object space 36864K, 26% used [0x00000000c1c00000,0x00000000c25ab438,0x00000000c4000000)
 Metaspace       used 30327K, capacity 31802K, committed 32128K, reserved 1077248K
  class space    used 4083K, capacity 4396K, committed 4480K, reserved 1048576K
Event: 5.448 GC heap after
Heap after GC invocations=8 (full 1):
 PSYoungGen      total 136704K, used 7660K [0x00000000eb400000, 0x00000000f7100000, 0x0000000100000000)
  eden space 129024K, 0% used [0x00000000eb400000,0x00000000eb400000,0x00000000f3200000)
  from space 7680K, 99% used [0x00000000f3200000,0x00000000f397b2b0,0x00000000f3980000)
  to   space 12288K, 0% used [0x00000000f6500000,0x00000000f6500000,0x00000000f7100000)
 ParOldGen       total 36864K, used 17522K [0x00000000c1c00000, 0x00000000c4000000, 0x00000000eb400000)
  object space 36864K, 47% used [0x00000000c1c00000,0x00000000c2d1ca38,0x00000000c4000000)
 Metaspace       used 30327K, capacity 31802K, committed 32128K, reserved 1077248K
  class space    used 4083K, capacity 4396K, committed 4480K, reserved 1048576K
}
Event: 6.031 GC heap before
{Heap before GC invocations=9 (full 1):
 PSYoungGen      total 136704K, used 42766K [0x00000000eb400000, 0x00000000f7100000, 0x0000000100000000)
  eden space 129024K, 27% used [0x00000000eb400000,0x00000000ed648718,0x00000000f3200000)
  from space 7680K, 99% used [0x00000000f3200000,0x00000000f397b2b0,0x00000000f3980000)
  to   space 12288K, 0% used [0x00000000f6500000,0x00000000f6500000,0x00000000f7100000)
 ParOldGen       total 36864K, used 17522K [0x00000000c1c00000, 0x00000000c4000000, 0x00000000eb400000)
  object space 36864K, 47% used [0x00000000c1c00000,0x00000000c2d1ca38,0x00000000c4000000)
 Metaspace       used 33948K, capacity 35401K, committed 35496K, reserved 1079296K
  class space    used 4555K, capacity 4864K, committed 4864K, reserved 1048576K
Event: 6.061 GC heap after
Heap after GC invocations=9 (full 1):
 PSYoungGen      total 179712K, used 10824K [0x00000000eb400000, 0x00000000f9e00000, 0x0000000100000000)
  eden space 167424K, 0% used [0x00000000eb400000,0x00000000eb400000,0x00000000f5780000)
  from space 12288K, 88% used [0x00000000f6500000,0x00000000f6f921a0,0x00000000f7100000)
  to   space 13824K, 0% used [0x00000000f5780000,0x00000000f5780000,0x00000000f6500000)
 ParOldGen       total 36864K, used 17530K [0x00000000c1c00000, 0x00000000c4000000, 0x00000000eb400000)
  object space 36864K, 47% used [0x00000000c1c00000,0x00000000c2d1ea38,0x00000000c4000000)
 Metaspace       used 33948K, capacity 35401K, committed 35496K, reserved 1079296K
  class space    used 4555K, capacity 4864K, committed 4864K, reserved 1048576K
}
Event: 6.061 GC heap before
{Heap before GC invocations=10 (full 2):
 PSYoungGen      total 179712K, used 10824K [0x00000000eb400000, 0x00000000f9e00000, 0x0000000100000000)
  eden space 167424K, 0% used [0x00000000eb400000,0x00000000eb400000,0x00000000f5780000)
  from space 12288K, 88% used [0x00000000f6500000,0x00000000f6f921a0,0x00000000f7100000)
  to   space 13824K, 0% used [0x00000000f5780000,0x00000000f5780000,0x00000000f6500000)
 ParOldGen       total 36864K, used 17530K [0x00000000c1c00000, 0x00000000c4000000, 0x00000000eb400000)
  object space 36864K, 47% used [0x00000000c1c00000,0x00000000c2d1ea38,0x00000000c4000000)
 Metaspace       used 33948K, capacity 35401K, committed 35496K, reserved 1079296K
  class space    used 4555K, capacity 4864K, committed 4864K, reserved 1048576K
Event: 6.218 GC heap after
Heap after GC invocations=10 (full 2):
 PSYoungGen      total 179712K, used 0K [0x00000000eb400000, 0x00000000f9e00000, 0x0000000100000000)
  eden space 167424K, 0% used [0x00000000eb400000,0x00000000eb400000,0x00000000f5780000)
  from space 12288K, 0% used [0x00000000f6500000,0x00000000f6500000,0x00000000f7100000)
  to   space 13824K, 0% used [0x00000000f5780000,0x00000000f5780000,0x00000000f6500000)
 ParOldGen       total 36864K, used 18668K [0x00000000c1c00000, 0x00000000c4000000, 0x00000000eb400000)
  object space 36864K, 50% used [0x00000000c1c00000,0x00000000c2e3b390,0x00000000c4000000)
 Metaspace       used 33948K, capacity 35401K, committed 35496K, reserved 1079296K
  class space    used 4555K, capacity 4864K, committed 4864K, reserved 1048576K
}

Deoptimization events (0 events):
No events

Classes redefined (0 events):
No events

Internal exceptions (10 events):
Event: 6.389 Thread 0x000000001834b800 Exception <a 'java/lang/ArrayIndexOutOfBoundsException'> (0x00000000ec01b3c0) thrown at [C:\re\workspace\8-2-build-windows-amd64-cygwin\jdk8u181\11358\hotspot\src\share\vm\runtime\sharedRuntime.cpp, line 605]
Event: 6.390 Thread 0x000000001834b800 Exception <a 'java/lang/ArrayIndexOutOfBoundsException'> (0x00000000ec01cdd8) thrown at [C:\re\workspace\8-2-build-windows-amd64-cygwin\jdk8u181\11358\hotspot\src\share\vm\runtime\sharedRuntime.cpp, line 605]
Event: 6.400 Thread 0x000000001834b800 Exception <a 'java/lang/ArrayIndexOutOfBoundsException'> (0x00000000ec2622f0) thrown at [C:\re\workspace\8-2-build-windows-amd64-cygwin\jdk8u181\11358\hotspot\src\share\vm\runtime\sharedRuntime.cpp, line 605]
Event: 6.401 Thread 0x000000001834b800 Exception <a 'java/lang/ArrayIndexOutOfBoundsException'> (0x00000000ec264678) thrown at [C:\re\workspace\8-2-build-windows-amd64-cygwin\jdk8u181\11358\hotspot\src\share\vm\runtime\sharedRuntime.cpp, line 605]
Event: 6.401 Thread 0x000000001834b800 Exception <a 'java/lang/ArrayIndexOutOfBoundsException'> (0x00000000ec2664e8) thrown at [C:\re\workspace\8-2-build-windows-amd64-cygwin\jdk8u181\11358\hotspot\src\share\vm\runtime\sharedRuntime.cpp, line 605]
Event: 6.401 Thread 0x000000001834b800 Exception <a 'java/lang/ArrayIndexOutOfBoundsException'> (0x00000000ec26a400) thrown at [C:\re\workspace\8-2-build-windows-amd64-cygwin\jdk8u181\11358\hotspot\src\share\vm\runtime\sharedRuntime.cpp, line 605]
Event: 6.401 Thread 0x000000001834b800 Exception <a 'java/lang/ArrayIndexOutOfBoundsException'> (0x00000000ec26c298) thrown at [C:\re\workspace\8-2-build-windows-amd64-cygwin\jdk8u181\11358\hotspot\src\share\vm\runtime\sharedRuntime.cpp, line 605]
Event: 6.402 Thread 0x000000001834b800 Exception <a 'java/lang/ArrayIndexOutOfBoundsException'> (0x00000000ec278998) thrown at [C:\re\workspace\8-2-build-windows-amd64-cygwin\jdk8u181\11358\hotspot\src\share\vm\runtime\sharedRuntime.cpp, line 605]
Event: 6.402 Thread 0x000000001834b800 Exception <a 'java/lang/ArrayIndexOutOfBoundsException'> (0x00000000ec27a8f8) thrown at [C:\re\workspace\8-2-build-windows-amd64-cygwin\jdk8u181\11358\hotspot\src\share\vm\runtime\sharedRuntime.cpp, line 605]
Event: 6.402 Thread 0x000000001834b800 Exception <a 'java/lang/ArrayIndexOutOfBoundsException'> (0x00000000ec27c6f8) thrown at [C:\re\workspace\8-2-build-windows-amd64-cygwin\jdk8u181\11358\hotspot\src\share\vm\runtime\sharedRuntime.cpp, line 605]

Events (10 events):
Event: 6.427 loading class com/fasterxml/jackson/databind/jsontype/NamedType
Event: 6.427 loading class com/fasterxml/jackson/databind/jsontype/NamedType done
Event: 6.432 loading class org/springframework/boot/jackson/JsonComponent
Event: 6.432 loading class org/springframework/boot/jackson/JsonComponent done
Event: 6.441 loading class com/fasterxml/jackson/databind/jsontype/TypeResolverBuilder
Event: 6.441 loading class com/fasterxml/jackson/databind/jsontype/TypeResolverBuilder done
Event: 6.441 loading class com/fasterxml/jackson/databind/ser/FilterProvider
Event: 6.441 loading class com/fasterxml/jackson/databind/ser/FilterProvider done
Event: 6.442 loading class com/fasterxml/jackson/databind/cfg/HandlerInstantiator
Event: 6.442 loading class com/fasterxml/jackson/databind/cfg/HandlerInstantiator done


Dynamic libraries:
0x00007ff6a04f0000 - 0x00007ff6a0527000 	C:\Program Files\Java\jdk1.8.0_181\bin\java.exe
0x00007ff8658e0000 - 0x00007ff865ac1000 	C:\Windows\SYSTEM32\ntdll.dll
0x00007ff8632e0000 - 0x00007ff863392000 	C:\Windows\System32\KERNEL32.DLL
0x00007ff862a90000 - 0x00007ff862d03000 	C:\Windows\System32\KERNELBASE.dll
0x00007ff863040000 - 0x00007ff8630e1000 	C:\Windows\System32\ADVAPI32.dll
0x00007ff865810000 - 0x00007ff8658ae000 	C:\Windows\System32\msvcrt.dll
0x00007ff8651a0000 - 0x00007ff8651fb000 	C:\Windows\System32\sechost.dll
0x00007ff862d70000 - 0x00007ff862e94000 	C:\Windows\System32\RPCRT4.dll
0x00007ff863150000 - 0x00007ff8632e0000 	C:\Windows\System32\USER32.dll
0x00007ff8623c0000 - 0x00007ff8623e0000 	C:\Windows\System32\win32u.dll
0x00007ff865360000 - 0x00007ff865388000 	C:\Windows\System32\GDI32.dll
0x00007ff8623e0000 - 0x00007ff862572000 	C:\Windows\System32\gdi32full.dll
0x00007ff862680000 - 0x00007ff86271f000 	C:\Windows\System32\msvcp_win.dll
0x00007ff862580000 - 0x00007ff86267a000 	C:\Windows\System32\ucrtbase.dll
0x00007ff8582d0000 - 0x00007ff858539000 	C:\Windows\WinSxS\amd64_microsoft.windows.common-controls_6595b64144ccf1df_6.0.17134.523_none_fb409dd930672a56\COMCTL32.dll
0x00007ff8633a0000 - 0x00007ff8636c2000 	C:\Windows\System32\combase.dll
0x00007ff862720000 - 0x00007ff86279a000 	C:\Windows\System32\bcryptPrimitives.dll
0x00007ff8654e0000 - 0x00007ff86550d000 	C:\Windows\System32\IMM32.DLL
0x000000006e7d0000 - 0x000000006e8a2000 	C:\Program Files\Java\jdk1.8.0_181\jre\bin\msvcr100.dll
0x000000006cf00000 - 0x000000006d7a2000 	C:\Program Files\Java\jdk1.8.0_181\jre\bin\server\jvm.dll
0x00007ff865390000 - 0x00007ff865398000 	C:\Windows\System32\PSAPI.DLL
0x00007ff84f3d0000 - 0x00007ff84f3d9000 	C:\Windows\SYSTEM32\WSOCK32.dll
0x00007ff865510000 - 0x00007ff86557c000 	C:\Windows\System32\WS2_32.dll
0x00007ff85e420000 - 0x00007ff85e443000 	C:\Windows\SYSTEM32\WINMM.dll
0x00007ff859d20000 - 0x00007ff859d2a000 	C:\Windows\SYSTEM32\VERSION.dll
0x00007ff85e3f0000 - 0x00007ff85e41a000 	C:\Windows\SYSTEM32\winmmbase.dll
0x00007ff862990000 - 0x00007ff8629d9000 	C:\Windows\System32\cfgmgr32.dll
0x000000006e7c0000 - 0x000000006e7cf000 	C:\Program Files\Java\jdk1.8.0_181\jre\bin\verify.dll
0x000000006e790000 - 0x000000006e7b9000 	C:\Program Files\Java\jdk1.8.0_181\jre\bin\java.dll
0x000000006e740000 - 0x000000006e763000 	C:\Program Files\Java\jdk1.8.0_181\jre\bin\instrument.dll
0x000000006e770000 - 0x000000006e786000 	C:\Program Files\Java\jdk1.8.0_181\jre\bin\zip.dll
0x00007ff8636e0000 - 0x00007ff864b20000 	C:\Windows\System32\SHELL32.dll
0x00007ff864ca0000 - 0x00007ff864d49000 	C:\Windows\System32\shcore.dll
0x00007ff861cb0000 - 0x00007ff8623bd000 	C:\Windows\System32\windows.storage.dll
0x00007ff862fe0000 - 0x00007ff863031000 	C:\Windows\System32\shlwapi.dll
0x00007ff861c70000 - 0x00007ff861c81000 	C:\Windows\System32\kernel.appcore.dll
0x00007ff861c90000 - 0x00007ff861caf000 	C:\Windows\System32\profapi.dll
0x00007ff861c00000 - 0x00007ff861c4c000 	C:\Windows\System32\powrprof.dll
0x00007ff861bf0000 - 0x00007ff861bfa000 	C:\Windows\System32\FLTLIB.DLL
0x00007ff851db0000 - 0x00007ff851dca000 	D:\Program Files\JetBrains\IntelliJ IDEA 2018.1.5\bin\breakgen64.dll
0x000000006e720000 - 0x000000006e73a000 	C:\Program Files\Java\jdk1.8.0_181\jre\bin\net.dll
0x00007ff861470000 - 0x00007ff8614d6000 	C:\Windows\system32\mswsock.dll
0x000000006e710000 - 0x000000006e71d000 	C:\Program Files\Java\jdk1.8.0_181\jre\bin\management.dll
0x000000006e6f0000 - 0x000000006e701000 	C:\Program Files\Java\jdk1.8.0_181\jre\bin\nio.dll
0x00007ff84ca70000 - 0x00007ff84ca9f000 	C:\Program Files (x86)\Sangfor\SSL\ClientComponent\3_SangforNspX64.dll
0x00007ff865200000 - 0x00007ff865351000 	C:\Windows\System32\ole32.dll
0x00007ff865400000 - 0x00007ff8654c2000 	C:\Windows\System32\OLEAUT32.dll
0x00007ff83ef20000 - 0x00007ff83ef36000 	C:\Windows\system32\napinsp.dll
0x00007ff83ef00000 - 0x00007ff83ef1a000 	C:\Windows\system32\pnrpnsp.dll
0x00007ff85ea00000 - 0x00007ff85ea19000 	C:\Windows\system32\NLAapi.dll
0x00007ff861230000 - 0x00007ff8612ee000 	C:\Windows\SYSTEM32\DNSAPI.dll
0x00007ff8654d0000 - 0x00007ff8654d8000 	C:\Windows\System32\NSI.dll
0x00007ff8611f0000 - 0x00007ff861228000 	C:\Windows\SYSTEM32\IPHLPAPI.DLL
0x00007ff842150000 - 0x00007ff84215e000 	C:\Windows\System32\winrnr.dll
0x00007ff8592d0000 - 0x00007ff8592e5000 	C:\Windows\System32\wshbth.dll
0x00007ff857310000 - 0x00007ff85748a000 	C:\Program Files (x86)\Sangfor\SSL\ClientComponent\1_SangforTcpX64.dll
0x00007ff862d10000 - 0x00007ff862d67000 	C:\Windows\System32\WINTRUST.dll
0x00007ff861c50000 - 0x00007ff861c62000 	C:\Windows\System32\MSASN1.dll
0x00007ff8627a0000 - 0x00007ff862982000 	C:\Windows\System32\CRYPT32.dll
0x00007ff8532e0000 - 0x00007ff8532ea000 	C:\Windows\System32\rasadhlp.dll
0x00007ff854970000 - 0x00007ff8549e2000 	C:\Windows\System32\fwpuclnt.dll
0x00007ff861750000 - 0x00007ff861775000 	C:\Windows\SYSTEM32\bcrypt.dll
0x00007ff861620000 - 0x00007ff861637000 	C:\Windows\SYSTEM32\CRYPTSP.dll
0x00007ff861050000 - 0x00007ff861083000 	C:\Windows\system32\rsaenh.dll
0x00007ff861af0000 - 0x00007ff861b18000 	C:\Windows\SYSTEM32\USERENV.dll
0x00007ff861640000 - 0x00007ff86164b000 	C:\Windows\SYSTEM32\CRYPTBASE.dll
0x00007ff858ef0000 - 0x00007ff858f06000 	C:\Windows\SYSTEM32\dhcpcsvc6.DLL
0x00007ff8591a0000 - 0x00007ff8591ba000 	C:\Windows\SYSTEM32\dhcpcsvc.DLL

VM Arguments:
jvm_args: -XX:TieredStopAtLevel=1 -Xverify:none -Dspring.output.ansi.enabled=always -Dcom.sun.management.jmxremote -Dcom.sun.management.jmxremote.port=54625 -Dcom.sun.management.jmxremote.authenticate=false -Dcom.sun.management.jmxremote.ssl=false -Djava.rmi.server.hostname=localhost -Dspring.liveBeansView.mbeanDomain -Dspring.application.admin.enabled=true -javaagent:D:\Program Files\JetBrains\IntelliJ IDEA 2018.1.5\lib\idea_rt.jar=54626:D:\Program Files\JetBrains\IntelliJ IDEA 2018.1.5\bin -Dfile.encoding=UTF-8 
java_command: com.yun.answer_frame.AnswerFrameApplication
java_class_path (initial): C:\Program Files\Java\jdk1.8.0_181\jre\lib\charsets.jar;C:\Program Files\Java\jdk1.8.0_181\jre\lib\deploy.jar;C:\Program Files\Java\jdk1.8.0_181\jre\lib\ext\access-bridge-64.jar;C:\Program Files\Java\jdk1.8.0_181\jre\lib\ext\cldrdata.jar;C:\Program Files\Java\jdk1.8.0_181\jre\lib\ext\dnsns.jar;C:\Program Files\Java\jdk1.8.0_181\jre\lib\ext\jaccess.jar;C:\Program Files\Java\jdk1.8.0_181\jre\lib\ext\jfxrt.jar;C:\Program Files\Java\jdk1.8.0_181\jre\lib\ext\localedata.jar;C:\Program Files\Java\jdk1.8.0_181\jre\lib\ext\nashorn.jar;C:\Program Files\Java\jdk1.8.0_181\jre\lib\ext\sunec.jar;C:\Program Files\Java\jdk1.8.0_181\jre\lib\ext\sunjce_provider.jar;C:\Program Files\Java\jdk1.8.0_181\jre\lib\ext\sunmscapi.jar;C:\Program Files\Java\jdk1.8.0_181\jre\lib\ext\sunpkcs11.jar;C:\Program Files\Java\jdk1.8.0_181\jre\lib\ext\zipfs.jar;C:\Program Files\Java\jdk1.8.0_181\jre\lib\javaws.jar;C:\Program Files\Java\jdk1.8.0_181\jre\lib\jce.jar;C:\Program Files\Java\jdk1.8.0_181\jre\lib\jfr.jar;C:\Program Files\Java\jdk1.8.0_181\jre\lib\jfxswt.jar;C:\Program Files\Java\jdk1.8.0_181\jre\lib\jsse.jar;C:\Program Files\Java\jdk1.8.0_181\jre\lib\management-agent.jar;C:\Program Files\Java\jdk1.8.0_181\jre\lib\plugin.jar;C:\Program Files\Java\jdk1.8.0_181\jre\lib\resources.jar;C:\Program Files\Java\jdk1.8.0_181\jre\lib\rt.jar;E:\IdeaProjects\answer_frame\target\classes;C:\Users\yunteng\.m2\repository\org\springframework\boot\spring-boot-starter-jdbc\2.1.1.RELEASE\spring-boot-starter-jdbc-2.1.1.RELEASE.jar;C:\Users\yunteng\.m2\repository\org\springframework\boot\spring-boot-starter\2.1.1.RELEASE\spring-boot-starter-2.1.1.RELEASE.jar;C:\Users\yunteng\.m2\repository\org\springframework\boot\spring-boot-starter-logging\2.1.1.RELEASE\spring-boot-starter-logging-2.1.1.RELEASE.jar;C:\Users\yunteng\.m2\repository\ch\qos\logback\logback-classic\1.2.3\logback-classic-1.2.3.jar;C:\Users\yunteng\.m2\repository\ch\qos\logback\logback-core\1.2.3\logback-core-1.2.3.jar;C:\Users
Launcher Type: SUN_STANDARD

Environment Variables:
JAVA_HOME=C:\Program Files\Java\jdk-10.0.1
CLASSPATH=.;C:\Program Files\Java\jdk-10.0.1\lib;C:\Program Files\Java\jdk-10.0.1\lib\dt.jar;C:\Program Files\Java\jdk-10.0.1\lib\tools.jar
PATH=E:\OraHome_1\oracledq\tsq11r0s\Software;F:\app\yunteng\product\11.2.0\dbhome_1\bin;C:\Program Files (x86)\Common Files\Oracle\Java\javapath;C:\Windows\system32;C:\Windows;C:\Windows\System32\Wbem;C:\Windows\System32\WindowsPowerShell\v1.0\;C:\Windows\System32\OpenSSH\;D:\Program Files\Java\jdk1.8.0_171;D:\Program Files\Git\cmd;C:\Program Files\Java\jdk-10.0.1\bin;C:\Program Files\Java\jdk-10.0.1\jre\bin;C:\Program Files (x86)\NVIDIA Corporation\PhysX\Common;C:\Program Files\Intel\WiFi\bin\;C:\Program Files\Common Files\Intel\WirelessCommon\;D:\Program Files\mysql-8.0.11-winx64\bin;;C:\Program Files\NVIDIA Corporation\NVIDIA NvDLISR;C:\Users\yunteng\AppData\Local\Programs\Python\Python37\Scripts\;C:\Users\yunteng\AppData\Local\Programs\Python\Python37\;C:\Users\yunteng\AppData\Local\Microsoft\WindowsApps;"C:\Program Files\Java\jdk-10.0.1\bin;C:\Program Files\Java\jdk-10.0.1\jre\bin";C:\Program Files\Intel\WiFi\bin\;C:\Program Files\Common Files\Intel\WirelessCommon\
USERNAME=yunteng
OS=Windows_NT
PROCESSOR_IDENTIFIER=Intel64 Family 6 Model 60 Stepping 3, GenuineIntel



---------------  S Y S T E M  ---------------

OS: Windows 10.0 , 64 bit Build 17134 (10.0.17134.1)

CPU:total 4 (initial active 4) (2 cores per cpu, 2 threads per core) family 6 model 60 stepping 3, cmov, cx8, fxsr, mmx, sse, sse2, sse3, ssse3, sse4.1, sse4.2, popcnt, avx, avx2, aes, clmul, erms, lzcnt, ht, tsc, tscinvbit, bmi1, bmi2

Memory: 4k page, physical 4078656k(416308k free), swap 6126656k(83716k free)

vm_info: Java HotSpot(TM) 64-Bit Server VM (25.181-b13) for windows-amd64 JRE (1.8.0_181-b13), built on Jul  7 2018 04:01:33 by "java_re" with MS VC++ 10.0 (VS2010)

time: Mon Jan 21 18:13:48 2019
elapsed time: 6 seconds (0d 0h 0m 6s)

